2008.10.09 21:19 B D:\website\laberman\images\new\cable.jpg <-- Laberman /sites/laberman.com/www/images/new cable.jpg
2008.10.09 21:19 B D:\website\laberman\images\new\cctv.bmp <-- Laberman /sites/laberman.com/www/images/new cctv.bmp
2008.10.09 21:19 B D:\website\laberman\images\new\paddress.bmp <-- Laberman /sites/laberman.com/www/images/new paddress.bmp
2008.10.09 21:19 B D:\website\laberman\images\new\same.jpg <-- Laberman /sites/laberman.com/www/images/new same.jpg
2008.10.09 21:19 B D:\website\laberman\images\new\sumi-a-1.jpg <-- Laberman /sites/laberman.com/www/images/new sumi-a-1.jpg
2008.10.09 21:19 B D:\website\laberman\images\new\sumi-a-2.jpg <-- Laberman /sites/laberman.com/www/images/new sumi-a-2.jpg
2008.10.09 21:19 B D:\website\laberman\images\new\sumi-a-3.jpg <-- Laberman /sites/laberman.com/www/images/new sumi-a-3.jpg
2008.10.09 21:19 B D:\website\laberman\images\new\sumi-a-4.jpg <-- Laberman /sites/laberman.com/www/images/new sumi-a-4.jpg
2008.10.09 21:19 B D:\website\laberman\images\new\sumi-a-5.jpg <-- Laberman /sites/laberman.com/www/images/new sumi-a-5.jpg
2008.10.09 21:19 B D:\website\laberman\images\new\sumi-a-6.jpg <-- Laberman /sites/laberman.com/www/images/new sumi-a-6.jpg
2008.10.09 21:20 B D:\website\laberman\images\new\sumi-a-7.jpg <-- Laberman /sites/laberman.com/www/images/new sumi-a-7.jpg
2008.10.09 21:20 B D:\website\laberman\images\new\sumi-a-8.jpg <-- Laberman /sites/laberman.com/www/images/new sumi-a-8.jpg
2008.10.09 21:20 B D:\website\laberman\images\new\sumi-b-1.jpg <-- Laberman /sites/laberman.com/www/images/new sumi-b-1.jpg
2008.10.09 21:20 B D:\website\laberman\images\new\sumi-b-10.jpg <-- Laberman /sites/laberman.com/www/images/new sumi-b-10.jpg
2008.10.09 21:20 B D:\website\laberman\images\new\sumi-b-2.jpg <-- Laberman /sites/laberman.com/www/images/new sumi-b-2.jpg
2008.10.09 21:20 B D:\website\laberman\images\new\sumi-b-3.jpg <-- Laberman /sites/laberman.com/www/images/new sumi-b-3.jpg
2008.10.09 21:20 B D:\website\laberman\images\new\sumi-b-4.jpg <-- Laberman /sites/laberman.com/www/images/new sumi-b-4.jpg
2008.10.09 21:20 B D:\website\laberman\images\new\sumi-b-5.jpg <-- Laberman /sites/laberman.com/www/images/new sumi-b-5.jpg
2008.10.09 21:20 B D:\website\laberman\images\new\sumi-b-6.jpg <-- Laberman /sites/laberman.com/www/images/new sumi-b-6.jpg
2008.10.09 21:20 B D:\website\laberman\images\new\sumi-b-7.jpg <-- Laberman /sites/laberman.com/www/images/new sumi-b-7.jpg
2008.10.09 21:20 B D:\website\laberman\images\new\sumi-b-8.jpg <-- Laberman /sites/laberman.com/www/images/new sumi-b-8.jpg
2008.10.09 21:20 B D:\website\laberman\images\new\sumi-b-9.jpg <-- Laberman /sites/laberman.com/www/images/new sumi-b-9.jpg
2008.10.09 21:20 B D:\website\laberman\images\new\sumi-c-1.jpg <-- Laberman /sites/laberman.com/www/images/new sumi-c-1.jpg
2008.10.09 21:20 B D:\website\laberman\images\new\sumi-c-2.jpg <-- Laberman /sites/laberman.com/www/images/new sumi-c-2.jpg
2008.10.09 21:20 B D:\website\laberman\images\new\sumi-d-1.jpg <-- Laberman /sites/laberman.com/www/images/new sumi-d-1.jpg
2008.10.09 21:20 B D:\website\laberman\images\new\sumi-d-10.jpg <-- Laberman /sites/laberman.com/www/images/new sumi-d-10.jpg
2008.10.09 21:21 B D:\website\laberman\images\new\sumi-d-11.jpg <-- Laberman /sites/laberman.com/www/images/new sumi-d-11.jpg
2008.10.09 21:21 B D:\website\laberman\images\new\sumi-d-12.jpg <-- Laberman /sites/laberman.com/www/images/new sumi-d-12.jpg
2008.10.09 21:21 B D:\website\laberman\images\new\sumi-d-13.jpg <-- Laberman /sites/laberman.com/www/images/new sumi-d-13.jpg
2008.10.09 21:21 B D:\website\laberman\images\new\sumi-d-2.jpg <-- Laberman /sites/laberman.com/www/images/new sumi-d-2.jpg
2008.10.09 21:21 B D:\website\laberman\images\new\sumi-d-3.jpg <-- Laberman /sites/laberman.com/www/images/new sumi-d-3.jpg
2008.10.09 21:21 B D:\website\laberman\images\new\sumi-d-4.jpg <-- Laberman /sites/laberman.com/www/images/new sumi-d-4.jpg
2008.10.09 21:21 B D:\website\laberman\images\new\sumi-d-5.jpg <-- Laberman /sites/laberman.com/www/images/new sumi-d-5.jpg
2008.10.09 21:21 B D:\website\laberman\images\new\sumi-d-6.jpg <-- Laberman /sites/laberman.com/www/images/new sumi-d-6.jpg
2008.10.09 21:21 B D:\website\laberman\images\new\sumi-d-7.jpg <-- Laberman /sites/laberman.com/www/images/new sumi-d-7.jpg
2008.10.09 21:21 B D:\website\laberman\images\new\sumi-d-8.jpg <-- Laberman /sites/laberman.com/www/images/new sumi-d-8.jpg
2008.10.09 21:21 B D:\website\laberman\images\new\sumi-d-9.jpg <-- Laberman /sites/laberman.com/www/images/new sumi-d-9.jpg
2008.10.09 21:21 B D:\website\laberman\images\new\sumi-e-1.jpg <-- Laberman /sites/laberman.com/www/images/new sumi-e-1.jpg
2008.10.09 21:21 B D:\website\laberman\images\new\sumi-e-10.jpg <-- Laberman /sites/laberman.com/www/images/new sumi-e-10.jpg
2008.10.09 21:21 B D:\website\laberman\images\new\sumi-e-11.jpg <-- Laberman /sites/laberman.com/www/images/new sumi-e-11.jpg
2008.10.09 21:22 B D:\website\laberman\images\new\sumi-e-2.jpg <-- Laberman /sites/laberman.com/www/images/new sumi-e-2.jpg
2008.10.09 21:22 B D:\website\laberman\images\new\sumi-e-3.jpg <-- Laberman /sites/laberman.com/www/images/new sumi-e-3.jpg
2008.10.09 21:22 B D:\website\laberman\images\new\sumi-e-4.jpg <-- Laberman /sites/laberman.com/www/images/new sumi-e-4.jpg
2008.10.09 21:22 B D:\website\laberman\images\new\sumi-e-5.jpg <-- Laberman /sites/laberman.com/www/images/new sumi-e-5.jpg
2008.10.09 21:22 B D:\website\laberman\images\new\sumi-e-6.jpg <-- Laberman /sites/laberman.com/www/images/new sumi-e-6.jpg
2008.10.09 21:22 B D:\website\laberman\images\new\sumi-e-7.jpg <-- Laberman /sites/laberman.com/www/images/new sumi-e-7.jpg
2008.10.09 21:22 B D:\website\laberman\images\new\sumi-e-8.jpg <-- Laberman /sites/laberman.com/www/images/new sumi-e-8.jpg
2008.10.09 21:22 B D:\website\laberman\images\new\sumi-e-9.jpg <-- Laberman /sites/laberman.com/www/images/new sumi-e-9.jpg
2008.10.09 21:22 B D:\website\laberman\images\new\sumi-f-1.jpg <-- Laberman /sites/laberman.com/www/images/new sumi-f-1.jpg
2008.10.09 21:22 B D:\website\laberman\images\new\sumi-f-2.jpg <-- Laberman /sites/laberman.com/www/images/new sumi-f-2.jpg
2008.10.09 21:22 B D:\website\laberman\images\new\sumi-f-3.jpg <-- Laberman /sites/laberman.com/www/images/new sumi-f-3.jpg
2008.10.09 21:22 B D:\website\laberman\images\new\sumi-f-4.jpg <-- Laberman /sites/laberman.com/www/images/new sumi-f-4.jpg
2008.10.09 21:22 B D:\website\laberman\images\new\sumi-g-1.jpg <-- Laberman /sites/laberman.com/www/images/new sumi-g-1.jpg
2008.10.09 21:22 B D:\website\laberman\images\new\sumi-g-10.jpg <-- Laberman /sites/laberman.com/www/images/new sumi-g-10.jpg
2008.10.09 21:22 B D:\website\laberman\images\new\sumi-g-2.jpg <-- Laberman /sites/laberman.com/www/images/new sumi-g-2.jpg
2008.10.09 21:22 B D:\website\laberman\images\new\sumi-g-3.jpg <-- Laberman /sites/laberman.com/www/images/new sumi-g-3.jpg
2008.10.09 21:22 B D:\website\laberman\images\new\sumi-g-3b.jpg <-- Laberman /sites/laberman.com/www/images/new sumi-g-3b.jpg
2008.10.09 21:22 B D:\website\laberman\images\new\sumi-g-4.jpg <-- Laberman /sites/laberman.com/www/images/new sumi-g-4.jpg
2008.10.09 21:22 B D:\website\laberman\images\new\sumi-g-5.jpg <-- Laberman /sites/laberman.com/www/images/new sumi-g-5.jpg
2008.10.09 21:23 B D:\website\laberman\images\new\sumi-g-6.jpg <-- Laberman /sites/laberman.com/www/images/new sumi-g-6.jpg
2008.10.09 21:23 B D:\website\laberman\images\new\sumi-g-7.jpg <-- Laberman /sites/laberman.com/www/images/new sumi-g-7.jpg
2008.10.09 21:23 B D:\website\laberman\images\new\sumi-g-8.jpg <-- Laberman /sites/laberman.com/www/images/new sumi-g-8.jpg
2008.10.09 21:23 B D:\website\laberman\images\new\sumi-g-9.jpg <-- Laberman /sites/laberman.com/www/images/new sumi-g-9.jpg
2008.10.09 21:23 B D:\website\laberman\images\new\sumi-h-1.jpg <-- Laberman /sites/laberman.com/www/images/new sumi-h-1.jpg
2008.10.09 21:23 B D:\website\laberman\images\new\sumi-h-2.jpg <-- Laberman /sites/laberman.com/www/images/new sumi-h-2.jpg
2008.10.09 21:23 B D:\website\laberman\images\new\sumi-h-3.jpg <-- Laberman /sites/laberman.com/www/images/new sumi-h-3.jpg
2008.10.09 21:24 B D:\website\laberman\images\new\Thumbs.db <-- Laberman /sites/laberman.com/www/images/new Thumbs.db
2008.10.09 21:24 B D:\website\laberman\images\new\trunking.jpg <-- Laberman /sites/laberman.com/www/images/new trunking.jpg
2008.10.10 22:48 B D:\website\laberman\images\new\cable.jpg --> www.killarkindonesia.com /public_html/images/new cable.jpg
2008.10.10 22:48 B D:\website\laberman\images\new\cctv.bmp --> www.killarkindonesia.com /public_html/images/new cctv.bmp
2008.10.10 22:48 B D:\website\laberman\images\new\paddress.bmp --> www.killarkindonesia.com /public_html/images/new paddress.bmp
2008.10.10 22:48 B D:\website\laberman\images\new\same.jpg --> www.killarkindonesia.com /public_html/images/new same.jpg
2008.10.10 22:48 B D:\website\laberman\images\new\sumi-a-1.jpg --> www.killarkindonesia.com /public_html/images/new sumi-a-1.jpg
2008.10.10 22:48 B D:\website\laberman\images\new\sumi-a-2.jpg --> www.killarkindonesia.com /public_html/images/new sumi-a-2.jpg
2008.10.10 22:48 B D:\website\laberman\images\new\sumi-a-3.jpg --> www.killarkindonesia.com /public_html/images/new sumi-a-3.jpg
2008.10.10 22:48 B D:\website\laberman\images\new\sumi-a-4.jpg --> www.killarkindonesia.com /public_html/images/new sumi-a-4.jpg
2008.10.10 22:48 B D:\website\laberman\images\new\sumi-a-5.jpg --> www.killarkindonesia.com /public_html/images/new sumi-a-5.jpg
2008.10.10 22:48 B D:\website\laberman\images\new\sumi-a-6.jpg --> www.killarkindonesia.com /public_html/images/new sumi-a-6.jpg
2008.10.10 22:48 B D:\website\laberman\images\new\sumi-a-7.jpg --> www.killarkindonesia.com /public_html/images/new sumi-a-7.jpg
2008.10.10 22:48 B D:\website\laberman\images\new\sumi-a-8.jpg --> www.killarkindonesia.com /public_html/images/new sumi-a-8.jpg
2008.10.10 22:48 B D:\website\laberman\images\new\sumi-b-1.jpg --> www.killarkindonesia.com /public_html/images/new sumi-b-1.jpg
2008.10.10 22:48 B D:\website\laberman\images\new\sumi-b-10.jpg --> www.killarkindonesia.com /public_html/images/new sumi-b-10.jpg
2008.10.10 22:48 B D:\website\laberman\images\new\sumi-b-2.jpg --> www.killarkindonesia.com /public_html/images/new sumi-b-2.jpg
2008.10.10 22:48 B D:\website\laberman\images\new\sumi-b-3.jpg --> www.killarkindonesia.com /public_html/images/new sumi-b-3.jpg
2008.10.10 22:48 B D:\website\laberman\images\new\sumi-b-4.jpg --> www.killarkindonesia.com /public_html/images/new sumi-b-4.jpg
2008.10.10 22:48 B D:\website\laberman\images\new\sumi-b-5.jpg --> www.killarkindonesia.com /public_html/images/new sumi-b-5.jpg
2008.10.10 22:48 B D:\website\laberman\images\new\sumi-b-6.jpg --> www.killarkindonesia.com /public_html/images/new sumi-b-6.jpg
2008.10.10 22:48 B D:\website\laberman\images\new\sumi-b-7.jpg --> www.killarkindonesia.com /public_html/images/new sumi-b-7.jpg
2008.10.10 22:48 B D:\website\laberman\images\new\sumi-b-8.jpg --> www.killarkindonesia.com /public_html/images/new sumi-b-8.jpg
2008.10.10 22:49 B D:\website\laberman\images\new\sumi-b-9.jpg --> www.killarkindonesia.com /public_html/images/new sumi-b-9.jpg
2008.10.10 22:49 B D:\website\laberman\images\new\sumi-c-1.jpg --> www.killarkindonesia.com /public_html/images/new sumi-c-1.jpg
2008.10.10 22:49 B D:\website\laberman\images\new\sumi-c-2.jpg --> www.killarkindonesia.com /public_html/images/new sumi-c-2.jpg
2008.10.10 22:49 B D:\website\laberman\images\new\sumi-d-1.jpg --> www.killarkindonesia.com /public_html/images/new sumi-d-1.jpg
2008.10.10 22:49 B D:\website\laberman\images\new\sumi-d-10.jpg --> www.killarkindonesia.com /public_html/images/new sumi-d-10.jpg
2008.10.10 22:49 B D:\website\laberman\images\new\sumi-d-11.jpg --> www.killarkindonesia.com /public_html/images/new sumi-d-11.jpg
2008.10.10 22:49 B D:\website\laberman\images\new\sumi-d-12.jpg --> www.killarkindonesia.com /public_html/images/new sumi-d-12.jpg
2008.10.10 22:49 B D:\website\laberman\images\new\sumi-d-13.jpg --> www.killarkindonesia.com /public_html/images/new sumi-d-13.jpg
2008.10.10 22:49 B D:\website\laberman\images\new\sumi-d-2.jpg --> www.killarkindonesia.com /public_html/images/new sumi-d-2.jpg
2008.10.10 22:49 B D:\website\laberman\images\new\sumi-d-3.jpg --> www.killarkindonesia.com /public_html/images/new sumi-d-3.jpg
2008.10.10 22:49 B D:\website\laberman\images\new\sumi-d-4.jpg --> www.killarkindonesia.com /public_html/images/new sumi-d-4.jpg
2008.10.10 22:49 B D:\website\laberman\images\new\sumi-d-5.jpg --> www.killarkindonesia.com /public_html/images/new sumi-d-5.jpg
2008.10.10 22:49 B D:\website\laberman\images\new\sumi-d-6.jpg --> www.killarkindonesia.com /public_html/images/new sumi-d-6.jpg
2008.10.10 22:49 B D:\website\laberman\images\new\sumi-d-7.jpg --> www.killarkindonesia.com /public_html/images/new sumi-d-7.jpg
2008.10.10 22:49 B D:\website\laberman\images\new\sumi-d-8.jpg --> www.killarkindonesia.com /public_html/images/new sumi-d-8.jpg
2008.10.10 22:49 B D:\website\laberman\images\new\sumi-d-9.jpg --> www.killarkindonesia.com /public_html/images/new sumi-d-9.jpg
2008.10.10 22:49 B D:\website\laberman\images\new\sumi-e-1.jpg --> www.killarkindonesia.com /public_html/images/new sumi-e-1.jpg
2008.10.10 22:49 B D:\website\laberman\images\new\sumi-e-10.jpg --> www.killarkindonesia.com /public_html/images/new sumi-e-10.jpg
2008.10.10 22:49 B D:\website\laberman\images\new\sumi-e-11.jpg --> www.killarkindonesia.com /public_html/images/new sumi-e-11.jpg
2008.10.10 22:49 B D:\website\laberman\images\new\sumi-e-2.jpg --> www.killarkindonesia.com /public_html/images/new sumi-e-2.jpg
2008.10.10 22:49 B D:\website\laberman\images\new\sumi-e-3.jpg --> www.killarkindonesia.com /public_html/images/new sumi-e-3.jpg
2008.10.10 22:49 B D:\website\laberman\images\new\sumi-e-4.jpg --> www.killarkindonesia.com /public_html/images/new sumi-e-4.jpg
2008.10.10 22:49 B D:\website\laberman\images\new\sumi-e-5.jpg --> www.killarkindonesia.com /public_html/images/new sumi-e-5.jpg
2008.10.10 22:49 B D:\website\laberman\images\new\sumi-e-6.jpg --> www.killarkindonesia.com /public_html/images/new sumi-e-6.jpg
2008.10.10 22:49 B D:\website\laberman\images\new\sumi-e-7.jpg --> www.killarkindonesia.com /public_html/images/new sumi-e-7.jpg
2008.10.10 22:50 B D:\website\laberman\images\new\sumi-e-8.jpg --> www.killarkindonesia.com /public_html/images/new sumi-e-8.jpg
2008.10.10 22:50 B D:\website\laberman\images\new\sumi-e-9.jpg --> www.killarkindonesia.com /public_html/images/new sumi-e-9.jpg
2008.10.10 22:50 B D:\website\laberman\images\new\sumi-f-1.jpg --> www.killarkindonesia.com /public_html/images/new sumi-f-1.jpg
2008.10.10 22:50 B D:\website\laberman\images\new\sumi-f-2.jpg --> www.killarkindonesia.com /public_html/images/new sumi-f-2.jpg
2008.10.10 22:50 B D:\website\laberman\images\new\sumi-f-3.jpg --> www.killarkindonesia.com /public_html/images/new sumi-f-3.jpg
2008.10.10 22:50 B D:\website\laberman\images\new\sumi-f-4.jpg --> www.killarkindonesia.com /public_html/images/new sumi-f-4.jpg
2008.10.10 22:50 B D:\website\laberman\images\new\sumi-g-1.jpg --> www.killarkindonesia.com /public_html/images/new sumi-g-1.jpg
2008.10.10 22:50 B D:\website\laberman\images\new\sumi-g-10.jpg --> www.killarkindonesia.com /public_html/images/new sumi-g-10.jpg
2008.10.10 22:50 B D:\website\laberman\images\new\sumi-g-2.jpg --> www.killarkindonesia.com /public_html/images/new sumi-g-2.jpg
2008.10.10 22:50 B D:\website\laberman\images\new\sumi-g-3.jpg --> www.killarkindonesia.com /public_html/images/new sumi-g-3.jpg
2008.10.10 22:50 B D:\website\laberman\images\new\sumi-g-3b.jpg --> www.killarkindonesia.com /public_html/images/new sumi-g-3b.jpg
2008.10.10 22:50 B D:\website\laberman\images\new\sumi-g-4.jpg --> www.killarkindonesia.com /public_html/images/new sumi-g-4.jpg
2008.10.10 22:50 B D:\website\laberman\images\new\sumi-g-5.jpg --> www.killarkindonesia.com /public_html/images/new sumi-g-5.jpg
2008.10.10 22:50 B D:\website\laberman\images\new\sumi-g-6.jpg --> www.killarkindonesia.com /public_html/images/new sumi-g-6.jpg
2008.10.10 22:50 B D:\website\laberman\images\new\sumi-g-7.jpg --> www.killarkindonesia.com /public_html/images/new sumi-g-7.jpg
2008.10.10 22:50 B D:\website\laberman\images\new\sumi-g-8.jpg --> www.killarkindonesia.com /public_html/images/new sumi-g-8.jpg
2008.10.10 22:50 B D:\website\laberman\images\new\sumi-g-9.jpg --> www.killarkindonesia.com /public_html/images/new sumi-g-9.jpg
2008.10.10 22:50 B D:\website\laberman\images\new\sumi-h-1.jpg --> www.killarkindonesia.com /public_html/images/new sumi-h-1.jpg
2008.10.10 22:50 B D:\website\laberman\images\new\sumi-h-2.jpg --> www.killarkindonesia.com /public_html/images/new sumi-h-2.jpg
2008.10.10 22:50 B D:\website\laberman\images\new\sumi-h-3.jpg --> www.killarkindonesia.com /public_html/images/new sumi-h-3.jpg
2008.10.10 22:50 B D:\website\laberman\images\new\trunking.jpg --> www.killarkindonesia.com /public_html/images/new trunking.jpg
2008.10.10 22:50 B D:\website\laberman\images\new\WS_FTP.LOG --> www.killarkindonesia.com /public_html/images/new WS_FTP.LOG
2008.10.10 22:51 B D:\website\laberman\images\new\Thumbs.db --> www.killarkindonesia.com /public_html/images/new Thumbs.db
2008.10.11 00:01 B D:\website\laberman\images\new\cable.jpg --> www.lightingexplosionproof.com /public_html/images/new cable.jpg
2008.10.11 00:01 B D:\website\laberman\images\new\cctv.bmp --> www.lightingexplosionproof.com /public_html/images/new cctv.bmp
2008.10.11 00:01 B D:\website\laberman\images\new\paddress.bmp --> www.lightingexplosionproof.com /public_html/images/new paddress.bmp
2008.10.11 00:01 B D:\website\laberman\images\new\same.jpg --> www.lightingexplosionproof.com /public_html/images/new same.jpg
2008.10.11 00:01 B D:\website\laberman\images\new\sumi-a-1.jpg --> www.lightingexplosionproof.com /public_html/images/new sumi-a-1.jpg
2008.10.11 00:01 B D:\website\laberman\images\new\sumi-a-2.jpg --> www.lightingexplosionproof.com /public_html/images/new sumi-a-2.jpg
2008.10.11 00:01 B D:\website\laberman\images\new\sumi-a-3.jpg --> www.lightingexplosionproof.com /public_html/images/new sumi-a-3.jpg
2008.10.11 00:01 B D:\website\laberman\images\new\sumi-a-4.jpg --> www.lightingexplosionproof.com /public_html/images/new sumi-a-4.jpg
2008.10.11 00:01 B D:\website\laberman\images\new\sumi-a-5.jpg --> www.lightingexplosionproof.com /public_html/images/new sumi-a-5.jpg
2008.10.11 00:01 B D:\website\laberman\images\new\sumi-a-6.jpg --> www.lightingexplosionproof.com /public_html/images/new sumi-a-6.jpg
2008.10.11 00:01 B D:\website\laberman\images\new\sumi-a-7.jpg --> www.lightingexplosionproof.com /public_html/images/new sumi-a-7.jpg
2008.10.11 00:01 B D:\website\laberman\images\new\sumi-a-8.jpg --> www.lightingexplosionproof.com /public_html/images/new sumi-a-8.jpg
2008.10.11 00:01 B D:\website\laberman\images\new\sumi-b-1.jpg --> www.lightingexplosionproof.com /public_html/images/new sumi-b-1.jpg
2008.10.11 00:01 B D:\website\laberman\images\new\sumi-b-10.jpg --> www.lightingexplosionproof.com /public_html/images/new sumi-b-10.jpg
2008.10.11 00:01 B D:\website\laberman\images\new\sumi-b-2.jpg --> www.lightingexplosionproof.com /public_html/images/new sumi-b-2.jpg
2008.10.11 00:01 B D:\website\laberman\images\new\sumi-b-3.jpg --> www.lightingexplosionproof.com /public_html/images/new sumi-b-3.jpg
2008.10.11 00:01 B D:\website\laberman\images\new\sumi-b-4.jpg --> www.lightingexplosionproof.com /public_html/images/new sumi-b-4.jpg
2008.10.11 00:01 B D:\website\laberman\images\new\sumi-b-5.jpg --> www.lightingexplosionproof.com /public_html/images/new sumi-b-5.jpg
2008.10.11 00:01 B D:\website\laberman\images\new\sumi-b-6.jpg --> www.lightingexplosionproof.com /public_html/images/new sumi-b-6.jpg
2008.10.11 00:02 B D:\website\laberman\images\new\sumi-b-7.jpg --> www.lightingexplosionproof.com /public_html/images/new sumi-b-7.jpg
2008.10.11 00:02 B D:\website\laberman\images\new\sumi-b-8.jpg --> www.lightingexplosionproof.com /public_html/images/new sumi-b-8.jpg
2008.10.11 00:02 B D:\website\laberman\images\new\sumi-b-9.jpg --> www.lightingexplosionproof.com /public_html/images/new sumi-b-9.jpg
2008.10.11 00:02 B D:\website\laberman\images\new\sumi-c-1.jpg --> www.lightingexplosionproof.com /public_html/images/new sumi-c-1.jpg
2008.10.11 00:02 B D:\website\laberman\images\new\sumi-c-2.jpg --> www.lightingexplosionproof.com /public_html/images/new sumi-c-2.jpg
2008.10.11 00:02 B D:\website\laberman\images\new\sumi-d-1.jpg --> www.lightingexplosionproof.com /public_html/images/new sumi-d-1.jpg
2008.10.11 00:02 B D:\website\laberman\images\new\sumi-d-10.jpg --> www.lightingexplosionproof.com /public_html/images/new sumi-d-10.jpg
2008.10.11 00:02 B D:\website\laberman\images\new\sumi-d-11.jpg --> www.lightingexplosionproof.com /public_html/images/new sumi-d-11.jpg
2008.10.11 00:02 B D:\website\laberman\images\new\sumi-d-12.jpg --> www.lightingexplosionproof.com /public_html/images/new sumi-d-12.jpg
2008.10.11 00:02 B D:\website\laberman\images\new\sumi-d-13.jpg --> www.lightingexplosionproof.com /public_html/images/new sumi-d-13.jpg
2008.10.11 00:02 B D:\website\laberman\images\new\sumi-d-2.jpg --> www.lightingexplosionproof.com /public_html/images/new sumi-d-2.jpg
2008.10.11 00:02 B D:\website\laberman\images\new\sumi-d-3.jpg --> www.lightingexplosionproof.com /public_html/images/new sumi-d-3.jpg
2008.10.11 00:02 B D:\website\laberman\images\new\sumi-d-4.jpg --> www.lightingexplosionproof.com /public_html/images/new sumi-d-4.jpg
2008.10.11 00:02 B D:\website\laberman\images\new\sumi-d-5.jpg --> www.lightingexplosionproof.com /public_html/images/new sumi-d-5.jpg
2008.10.11 00:02 B D:\website\laberman\images\new\sumi-d-6.jpg --> www.lightingexplosionproof.com /public_html/images/new sumi-d-6.jpg
2008.10.11 00:02 B D:\website\laberman\images\new\sumi-d-7.jpg --> www.lightingexplosionproof.com /public_html/images/new sumi-d-7.jpg
2008.10.11 00:02 B D:\website\laberman\images\new\sumi-d-8.jpg --> www.lightingexplosionproof.com /public_html/images/new sumi-d-8.jpg
2008.10.11 00:02 B D:\website\laberman\images\new\sumi-d-9.jpg --> www.lightingexplosionproof.com /public_html/images/new sumi-d-9.jpg
2008.10.11 00:02 B D:\website\laberman\images\new\sumi-e-1.jpg --> www.lightingexplosionproof.com /public_html/images/new sumi-e-1.jpg
2008.10.11 00:02 B D:\website\laberman\images\new\sumi-e-10.jpg --> www.lightingexplosionproof.com /public_html/images/new sumi-e-10.jpg
2008.10.11 00:02 B D:\website\laberman\images\new\sumi-e-11.jpg --> www.lightingexplosionproof.com /public_html/images/new sumi-e-11.jpg
2008.10.11 00:02 B D:\website\laberman\images\new\sumi-e-2.jpg --> www.lightingexplosionproof.com /public_html/images/new sumi-e-2.jpg
2008.10.11 00:02 B D:\website\laberman\images\new\sumi-e-3.jpg --> www.lightingexplosionproof.com /public_html/images/new sumi-e-3.jpg
2008.10.11 00:02 B D:\website\laberman\images\new\sumi-e-4.jpg --> www.lightingexplosionproof.com /public_html/images/new sumi-e-4.jpg
2008.10.11 00:02 B D:\website\laberman\images\new\sumi-e-5.jpg --> www.lightingexplosionproof.com /public_html/images/new sumi-e-5.jpg
2008.10.11 00:03 B D:\website\laberman\images\new\sumi-e-6.jpg --> www.lightingexplosionproof.com /public_html/images/new sumi-e-6.jpg
2008.10.11 00:03 B D:\website\laberman\images\new\sumi-e-7.jpg --> www.lightingexplosionproof.com /public_html/images/new sumi-e-7.jpg
2008.10.11 00:03 B D:\website\laberman\images\new\sumi-e-8.jpg --> www.lightingexplosionproof.com /public_html/images/new sumi-e-8.jpg
2008.10.11 00:03 B D:\website\laberman\images\new\sumi-e-9.jpg --> www.lightingexplosionproof.com /public_html/images/new sumi-e-9.jpg
2008.10.11 00:03 B D:\website\laberman\images\new\sumi-f-1.jpg --> www.lightingexplosionproof.com /public_html/images/new sumi-f-1.jpg
2008.10.11 00:03 B D:\website\laberman\images\new\sumi-f-2.jpg --> www.lightingexplosionproof.com /public_html/images/new sumi-f-2.jpg
2008.10.11 00:03 B D:\website\laberman\images\new\sumi-f-3.jpg --> www.lightingexplosionproof.com /public_html/images/new sumi-f-3.jpg
2008.10.11 00:03 B D:\website\laberman\images\new\sumi-f-4.jpg --> www.lightingexplosionproof.com /public_html/images/new sumi-f-4.jpg
2008.10.11 00:03 B D:\website\laberman\images\new\sumi-g-1.jpg --> www.lightingexplosionproof.com /public_html/images/new sumi-g-1.jpg
2008.10.11 00:03 B D:\website\laberman\images\new\sumi-g-10.jpg --> www.lightingexplosionproof.com /public_html/images/new sumi-g-10.jpg
2008.10.11 00:03 B D:\website\laberman\images\new\sumi-g-2.jpg --> www.lightingexplosionproof.com /public_html/images/new sumi-g-2.jpg
2008.10.11 00:03 B D:\website\laberman\images\new\sumi-g-3.jpg --> www.lightingexplosionproof.com /public_html/images/new sumi-g-3.jpg
2008.10.11 00:03 B D:\website\laberman\images\new\sumi-g-3b.jpg --> www.lightingexplosionproof.com /public_html/images/new sumi-g-3b.jpg
2008.10.11 00:03 B D:\website\laberman\images\new\sumi-g-4.jpg --> www.lightingexplosionproof.com /public_html/images/new sumi-g-4.jpg
2008.10.11 00:03 B D:\website\laberman\images\new\sumi-g-5.jpg --> www.lightingexplosionproof.com /public_html/images/new sumi-g-5.jpg
2008.10.11 00:03 B D:\website\laberman\images\new\sumi-g-6.jpg --> www.lightingexplosionproof.com /public_html/images/new sumi-g-6.jpg
2008.10.11 00:03 B D:\website\laberman\images\new\sumi-g-7.jpg --> www.lightingexplosionproof.com /public_html/images/new sumi-g-7.jpg
2008.10.11 00:03 B D:\website\laberman\images\new\sumi-g-8.jpg --> www.lightingexplosionproof.com /public_html/images/new sumi-g-8.jpg
2008.10.11 00:03 B D:\website\laberman\images\new\sumi-g-9.jpg --> www.lightingexplosionproof.com /public_html/images/new sumi-g-9.jpg
2008.10.11 00:03 B D:\website\laberman\images\new\sumi-h-1.jpg --> www.lightingexplosionproof.com /public_html/images/new sumi-h-1.jpg
2008.10.11 00:03 B D:\website\laberman\images\new\sumi-h-2.jpg --> www.lightingexplosionproof.com /public_html/images/new sumi-h-2.jpg
2008.10.11 00:03 B D:\website\laberman\images\new\sumi-h-3.jpg --> www.lightingexplosionproof.com /public_html/images/new sumi-h-3.jpg
2008.10.11 00:03 B D:\website\laberman\images\new\trunking.jpg --> www.lightingexplosionproof.com /public_html/images/new trunking.jpg
2008.10.11 00:04 B D:\website\laberman\images\new\Thumbs.db --> www.lightingexplosionproof.com /public_html/images/new Thumbs.db
2008.10.11 00:04 B D:\website\laberman\images\new\WS_FTP.LOG --> www.lightingexplosionproof.com /public_html/images/new WS_FTP.LOG
2008.10.11 23:10 B D:\website\laberman\images\new\cable.jpg --> www.chalmitindonesia.com /public_html/images/new cable.jpg
2008.10.11 23:10 B D:\website\laberman\images\new\cctv.bmp --> www.chalmitindonesia.com /public_html/images/new cctv.bmp
2008.10.11 23:10 B D:\website\laberman\images\new\paddress.bmp --> www.chalmitindonesia.com /public_html/images/new paddress.bmp
2008.10.11 23:10 B D:\website\laberman\images\new\same.jpg --> www.chalmitindonesia.com /public_html/images/new same.jpg
2008.10.11 23:10 B D:\website\laberman\images\new\sumi-a-1.jpg --> www.chalmitindonesia.com /public_html/images/new sumi-a-1.jpg
2008.10.11 23:10 B D:\website\laberman\images\new\sumi-a-2.jpg --> www.chalmitindonesia.com /public_html/images/new sumi-a-2.jpg
2008.10.11 23:10 B D:\website\laberman\images\new\sumi-a-3.jpg --> www.chalmitindonesia.com /public_html/images/new sumi-a-3.jpg
2008.10.11 23:10 B D:\website\laberman\images\new\sumi-a-4.jpg --> www.chalmitindonesia.com /public_html/images/new sumi-a-4.jpg
2008.10.11 23:10 B D:\website\laberman\images\new\sumi-a-5.jpg --> www.chalmitindonesia.com /public_html/images/new sumi-a-5.jpg
2008.10.11 23:10 B D:\website\laberman\images\new\sumi-a-6.jpg --> www.chalmitindonesia.com /public_html/images/new sumi-a-6.jpg
2008.10.11 23:10 B D:\website\laberman\images\new\sumi-a-7.jpg --> www.chalmitindonesia.com /public_html/images/new sumi-a-7.jpg
2008.10.11 23:10 B D:\website\laberman\images\new\sumi-a-8.jpg --> www.chalmitindonesia.com /public_html/images/new sumi-a-8.jpg
2008.10.11 23:10 B D:\website\laberman\images\new\sumi-b-1.jpg --> www.chalmitindonesia.com /public_html/images/new sumi-b-1.jpg
2008.10.11 23:10 B D:\website\laberman\images\new\sumi-b-10.jpg --> www.chalmitindonesia.com /public_html/images/new sumi-b-10.jpg
2008.10.11 23:11 B D:\website\laberman\images\new\sumi-b-2.jpg --> www.chalmitindonesia.com /public_html/images/new sumi-b-2.jpg
2008.10.11 23:11 B D:\website\laberman\images\new\sumi-b-3.jpg --> www.chalmitindonesia.com /public_html/images/new sumi-b-3.jpg
2008.10.11 23:11 B D:\website\laberman\images\new\sumi-b-4.jpg --> www.chalmitindonesia.com /public_html/images/new sumi-b-4.jpg
2008.10.11 23:11 B D:\website\laberman\images\new\sumi-b-5.jpg --> www.chalmitindonesia.com /public_html/images/new sumi-b-5.jpg
2008.10.11 23:11 B D:\website\laberman\images\new\sumi-b-6.jpg --> www.chalmitindonesia.com /public_html/images/new sumi-b-6.jpg
2008.10.11 23:11 B D:\website\laberman\images\new\sumi-b-7.jpg --> www.chalmitindonesia.com /public_html/images/new sumi-b-7.jpg
2008.10.11 23:11 B D:\website\laberman\images\new\sumi-b-8.jpg --> www.chalmitindonesia.com /public_html/images/new sumi-b-8.jpg
2008.10.11 23:11 B D:\website\laberman\images\new\sumi-b-9.jpg --> www.chalmitindonesia.com /public_html/images/new sumi-b-9.jpg
2008.10.11 23:11 B D:\website\laberman\images\new\sumi-c-1.jpg --> www.chalmitindonesia.com /public_html/images/new sumi-c-1.jpg
2008.10.11 23:11 B D:\website\laberman\images\new\sumi-c-2.jpg --> www.chalmitindonesia.com /public_html/images/new sumi-c-2.jpg
2008.10.11 23:11 B D:\website\laberman\images\new\sumi-d-1.jpg --> www.chalmitindonesia.com /public_html/images/new sumi-d-1.jpg
2008.10.11 23:11 B D:\website\laberman\images\new\sumi-d-10.jpg --> www.chalmitindonesia.com /public_html/images/new sumi-d-10.jpg
2008.10.11 23:11 B D:\website\laberman\images\new\sumi-d-11.jpg --> www.chalmitindonesia.com /public_html/images/new sumi-d-11.jpg
2008.10.11 23:11 B D:\website\laberman\images\new\sumi-d-12.jpg --> www.chalmitindonesia.com /public_html/images/new sumi-d-12.jpg
2008.10.11 23:11 B D:\website\laberman\images\new\sumi-d-13.jpg --> www.chalmitindonesia.com /public_html/images/new sumi-d-13.jpg
2008.10.11 23:11 B D:\website\laberman\images\new\sumi-d-2.jpg --> www.chalmitindonesia.com /public_html/images/new sumi-d-2.jpg
2008.10.11 23:11 B D:\website\laberman\images\new\sumi-d-3.jpg --> www.chalmitindonesia.com /public_html/images/new sumi-d-3.jpg
2008.10.11 23:11 B D:\website\laberman\images\new\sumi-d-4.jpg --> www.chalmitindonesia.com /public_html/images/new sumi-d-4.jpg
2008.10.11 23:11 B D:\website\laberman\images\new\sumi-d-5.jpg --> www.chalmitindonesia.com /public_html/images/new sumi-d-5.jpg
2008.10.11 23:11 B D:\website\laberman\images\new\sumi-d-6.jpg --> www.chalmitindonesia.com /public_html/images/new sumi-d-6.jpg
2008.10.11 23:11 B D:\website\laberman\images\new\sumi-d-7.jpg --> www.chalmitindonesia.com /public_html/images/new sumi-d-7.jpg
2008.10.11 23:11 B D:\website\laberman\images\new\sumi-d-8.jpg --> www.chalmitindonesia.com /public_html/images/new sumi-d-8.jpg
2008.10.11 23:11 B D:\website\laberman\images\new\sumi-d-9.jpg --> www.chalmitindonesia.com /public_html/images/new sumi-d-9.jpg
2008.10.11 23:11 B D:\website\laberman\images\new\sumi-e-1.jpg --> www.chalmitindonesia.com /public_html/images/new sumi-e-1.jpg
2008.10.11 23:11 B D:\website\laberman\images\new\sumi-e-10.jpg --> www.chalmitindonesia.com /public_html/images/new sumi-e-10.jpg
2008.10.11 23:12 B D:\website\laberman\images\new\sumi-e-11.jpg --> www.chalmitindonesia.com /public_html/images/new sumi-e-11.jpg
2008.10.11 23:12 B D:\website\laberman\images\new\sumi-e-2.jpg --> www.chalmitindonesia.com /public_html/images/new sumi-e-2.jpg
2008.10.11 23:12 B D:\website\laberman\images\new\sumi-e-3.jpg --> www.chalmitindonesia.com /public_html/images/new sumi-e-3.jpg
2008.10.11 23:12 B D:\website\laberman\images\new\sumi-e-4.jpg --> www.chalmitindonesia.com /public_html/images/new sumi-e-4.jpg
2008.10.11 23:12 B D:\website\laberman\images\new\sumi-e-5.jpg --> www.chalmitindonesia.com /public_html/images/new sumi-e-5.jpg
2008.10.11 23:12 B D:\website\laberman\images\new\sumi-e-6.jpg --> www.chalmitindonesia.com /public_html/images/new sumi-e-6.jpg
2008.10.11 23:12 B D:\website\laberman\images\new\sumi-e-7.jpg --> www.chalmitindonesia.com /public_html/images/new sumi-e-7.jpg
2008.10.11 23:12 B D:\website\laberman\images\new\sumi-e-8.jpg --> www.chalmitindonesia.com /public_html/images/new sumi-e-8.jpg
2008.10.11 23:12 B D:\website\laberman\images\new\sumi-e-9.jpg --> www.chalmitindonesia.com /public_html/images/new sumi-e-9.jpg
2008.10.11 23:12 B D:\website\laberman\images\new\sumi-f-1.jpg --> www.chalmitindonesia.com /public_html/images/new sumi-f-1.jpg
2008.10.11 23:12 B D:\website\laberman\images\new\sumi-f-2.jpg --> www.chalmitindonesia.com /public_html/images/new sumi-f-2.jpg
2008.10.11 23:12 B D:\website\laberman\images\new\sumi-f-3.jpg --> www.chalmitindonesia.com /public_html/images/new sumi-f-3.jpg
2008.10.11 23:12 B D:\website\laberman\images\new\sumi-f-4.jpg --> www.chalmitindonesia.com /public_html/images/new sumi-f-4.jpg
2008.10.11 23:12 B D:\website\laberman\images\new\sumi-g-1.jpg --> www.chalmitindonesia.com /public_html/images/new sumi-g-1.jpg
2008.10.11 23:12 B D:\website\laberman\images\new\sumi-g-10.jpg --> www.chalmitindonesia.com /public_html/images/new sumi-g-10.jpg
2008.10.11 23:12 B D:\website\laberman\images\new\sumi-g-2.jpg --> www.chalmitindonesia.com /public_html/images/new sumi-g-2.jpg
2008.10.11 23:12 B D:\website\laberman\images\new\sumi-g-3.jpg --> www.chalmitindonesia.com /public_html/images/new sumi-g-3.jpg
2008.10.11 23:12 B D:\website\laberman\images\new\sumi-g-3b.jpg --> www.chalmitindonesia.com /public_html/images/new sumi-g-3b.jpg
2008.10.11 23:12 B D:\website\laberman\images\new\sumi-g-4.jpg --> www.chalmitindonesia.com /public_html/images/new sumi-g-4.jpg
2008.10.11 23:12 B D:\website\laberman\images\new\sumi-g-5.jpg --> www.chalmitindonesia.com /public_html/images/new sumi-g-5.jpg
2008.10.11 23:12 B D:\website\laberman\images\new\sumi-g-6.jpg --> www.chalmitindonesia.com /public_html/images/new sumi-g-6.jpg
2008.10.11 23:12 B D:\website\laberman\images\new\sumi-g-7.jpg --> www.chalmitindonesia.com /public_html/images/new sumi-g-7.jpg
2008.10.11 23:12 B D:\website\laberman\images\new\sumi-g-8.jpg --> www.chalmitindonesia.com /public_html/images/new sumi-g-8.jpg
2008.10.11 23:12 B D:\website\laberman\images\new\sumi-g-9.jpg --> www.chalmitindonesia.com /public_html/images/new sumi-g-9.jpg
2008.10.11 23:13 B D:\website\laberman\images\new\sumi-h-1.jpg --> www.chalmitindonesia.com /public_html/images/new sumi-h-1.jpg
2008.10.11 23:13 B D:\website\laberman\images\new\sumi-h-2.jpg --> www.chalmitindonesia.com /public_html/images/new sumi-h-2.jpg
2008.10.11 23:13 B D:\website\laberman\images\new\sumi-h-3.jpg --> www.chalmitindonesia.com /public_html/images/new sumi-h-3.jpg
2008.10.11 23:13 B D:\website\laberman\images\new\trunking.jpg --> www.chalmitindonesia.com /public_html/images/new trunking.jpg
2008.10.11 23:14 B D:\website\laberman\images\new\Thumbs.db --> www.chalmitindonesia.com /public_html/images/new Thumbs.db
