2008.10.09 21:11 B D:\website\laberman\images\wiring\Thumbs.db <-- Laberman /sites/laberman.com/www/images/wiring Thumbs.db
2008.10.09 21:11 B D:\website\laberman\images\wiring\wiring_01.gif <-- Laberman /sites/laberman.com/www/images/wiring wiring_01.gif
2008.10.09 21:12 B D:\website\laberman\images\wiring\wiring_02.gif <-- Laberman /sites/laberman.com/www/images/wiring wiring_02.gif
2008.10.09 21:12 B D:\website\laberman\images\wiring\wiring_03.gif <-- Laberman /sites/laberman.com/www/images/wiring wiring_03.gif
2008.10.09 21:12 B D:\website\laberman\images\wiring\wiring_04.gif <-- Laberman /sites/laberman.com/www/images/wiring wiring_04.gif
2008.10.09 21:12 B D:\website\laberman\images\wiring\wiring_05.gif <-- Laberman /sites/laberman.com/www/images/wiring wiring_05.gif
2008.10.09 21:12 B D:\website\laberman\images\wiring\wiring_06.gif <-- Laberman /sites/laberman.com/www/images/wiring wiring_06.gif
2008.10.09 21:12 B D:\website\laberman\images\wiring\wiring_07.gif <-- Laberman /sites/laberman.com/www/images/wiring wiring_07.gif
2008.10.09 21:12 B D:\website\laberman\images\wiring\wiring_08.gif <-- Laberman /sites/laberman.com/www/images/wiring wiring_08.gif
2008.10.09 21:12 B D:\website\laberman\images\wiring\wiring_09.gif <-- Laberman /sites/laberman.com/www/images/wiring wiring_09.gif
2008.10.09 21:12 B D:\website\laberman\images\wiring\wiring_10.gif <-- Laberman /sites/laberman.com/www/images/wiring wiring_10.gif
2008.10.09 21:13 B D:\website\laberman\images\wiring\wiring_11.gif <-- Laberman /sites/laberman.com/www/images/wiring wiring_11.gif
2008.10.09 21:13 B D:\website\laberman\images\wiring\wiring_12.gif <-- Laberman /sites/laberman.com/www/images/wiring wiring_12.gif
2008.10.09 21:13 B D:\website\laberman\images\wiring\wiring_13.gif <-- Laberman /sites/laberman.com/www/images/wiring wiring_13.gif
2008.10.09 21:13 B D:\website\laberman\images\wiring\wiring_14.gif <-- Laberman /sites/laberman.com/www/images/wiring wiring_14.gif
2008.10.09 21:13 B D:\website\laberman\images\wiring\wiring_15.gif <-- Laberman /sites/laberman.com/www/images/wiring wiring_15.gif
2008.10.09 21:13 B D:\website\laberman\images\wiring\wiring_16.gif <-- Laberman /sites/laberman.com/www/images/wiring wiring_16.gif
2008.10.09 21:13 B D:\website\laberman\images\wiring\wiring_17.gif <-- Laberman /sites/laberman.com/www/images/wiring wiring_17.gif
2008.10.09 21:13 B D:\website\laberman\images\wiring\wiring_18.gif <-- Laberman /sites/laberman.com/www/images/wiring wiring_18.gif
2008.10.09 21:14 B D:\website\laberman\images\wiring\wiring_19.gif <-- Laberman /sites/laberman.com/www/images/wiring wiring_19.gif
2008.10.09 21:14 B D:\website\laberman\images\wiring\wiring_20.gif <-- Laberman /sites/laberman.com/www/images/wiring wiring_20.gif
2008.10.09 21:14 B D:\website\laberman\images\wiring\wiring_21.gif <-- Laberman /sites/laberman.com/www/images/wiring wiring_21.gif
2008.10.09 21:14 B D:\website\laberman\images\wiring\wiring_22.gif <-- Laberman /sites/laberman.com/www/images/wiring wiring_22.gif
2008.10.09 21:14 B D:\website\laberman\images\wiring\wiring_23.gif <-- Laberman /sites/laberman.com/www/images/wiring wiring_23.gif
2008.10.09 21:14 B D:\website\laberman\images\wiring\wiring_24.gif <-- Laberman /sites/laberman.com/www/images/wiring wiring_24.gif
2008.10.09 21:14 B D:\website\laberman\images\wiring\wiring_25.gif <-- Laberman /sites/laberman.com/www/images/wiring wiring_25.gif
2008.10.09 21:14 B D:\website\laberman\images\wiring\wiring_26.gif <-- Laberman /sites/laberman.com/www/images/wiring wiring_26.gif
2008.10.09 21:14 B D:\website\laberman\images\wiring\wiring_27.gif <-- Laberman /sites/laberman.com/www/images/wiring wiring_27.gif
2008.10.09 21:15 B D:\website\laberman\images\wiring\wiring_28.gif <-- Laberman /sites/laberman.com/www/images/wiring wiring_28.gif
2008.10.09 21:15 B D:\website\laberman\images\wiring\wiring_29.gif <-- Laberman /sites/laberman.com/www/images/wiring wiring_29.gif
2008.10.09 21:15 B D:\website\laberman\images\wiring\wiring_30.gif <-- Laberman /sites/laberman.com/www/images/wiring wiring_30.gif
2008.10.09 21:15 B D:\website\laberman\images\wiring\wiring_31.gif <-- Laberman /sites/laberman.com/www/images/wiring wiring_31.gif
2008.10.09 21:15 B D:\website\laberman\images\wiring\wiring_32.gif <-- Laberman /sites/laberman.com/www/images/wiring wiring_32.gif
2008.10.09 21:15 B D:\website\laberman\images\wiring\wiring_33.gif <-- Laberman /sites/laberman.com/www/images/wiring wiring_33.gif
2008.10.09 21:15 B D:\website\laberman\images\wiring\wiring_34.gif <-- Laberman /sites/laberman.com/www/images/wiring wiring_34.gif
2008.10.09 21:15 B D:\website\laberman\images\wiring\wiring_35.gif <-- Laberman /sites/laberman.com/www/images/wiring wiring_35.gif
2008.10.09 21:16 B D:\website\laberman\images\wiring\wiring_36.gif <-- Laberman /sites/laberman.com/www/images/wiring wiring_36.gif
2008.10.09 21:16 B D:\website\laberman\images\wiring\wiring_37.gif <-- Laberman /sites/laberman.com/www/images/wiring wiring_37.gif
2008.10.09 21:16 B D:\website\laberman\images\wiring\wiring_38.gif <-- Laberman /sites/laberman.com/www/images/wiring wiring_38.gif
2008.10.09 21:16 B D:\website\laberman\images\wiring\wiring_39.gif <-- Laberman /sites/laberman.com/www/images/wiring wiring_39.gif
2008.10.09 21:16 B D:\website\laberman\images\wiring\wiring_40.gif <-- Laberman /sites/laberman.com/www/images/wiring wiring_40.gif
2008.10.09 21:16 B D:\website\laberman\images\wiring\wiring_41.gif <-- Laberman /sites/laberman.com/www/images/wiring wiring_41.gif
2008.10.09 21:17 B D:\website\laberman\images\wiring\wiring_42.gif <-- Laberman /sites/laberman.com/www/images/wiring wiring_42.gif
2008.10.09 21:17 B D:\website\laberman\images\wiring\wiring_43.gif <-- Laberman /sites/laberman.com/www/images/wiring wiring_43.gif
2008.10.09 21:17 B D:\website\laberman\images\wiring\wiring_44.gif <-- Laberman /sites/laberman.com/www/images/wiring wiring_44.gif
2008.10.09 21:17 B D:\website\laberman\images\wiring\wiring_45.gif <-- Laberman /sites/laberman.com/www/images/wiring wiring_45.gif
2008.10.09 21:17 B D:\website\laberman\images\wiring\wiring_46.gif <-- Laberman /sites/laberman.com/www/images/wiring wiring_46.gif
2008.10.09 21:17 B D:\website\laberman\images\wiring\wiring_47.gif <-- Laberman /sites/laberman.com/www/images/wiring wiring_47.gif
2008.10.09 21:17 B D:\website\laberman\images\wiring\wiring_48.gif <-- Laberman /sites/laberman.com/www/images/wiring wiring_48.gif
2008.10.09 21:17 B D:\website\laberman\images\wiring\wiring_49.gif <-- Laberman /sites/laberman.com/www/images/wiring wiring_49.gif
2008.10.09 21:17 B D:\website\laberman\images\wiring\wiring_50.gif <-- Laberman /sites/laberman.com/www/images/wiring wiring_50.gif
2008.10.09 21:17 B D:\website\laberman\images\wiring\wiring_51.gif <-- Laberman /sites/laberman.com/www/images/wiring wiring_51.gif
2008.10.09 21:17 B D:\website\laberman\images\wiring\wiring_52.gif <-- Laberman /sites/laberman.com/www/images/wiring wiring_52.gif
2008.10.09 21:18 B D:\website\laberman\images\wiring\wiring_53.gif <-- Laberman /sites/laberman.com/www/images/wiring wiring_53.gif
2008.10.09 21:18 B D:\website\laberman\images\wiring\wiring_54.gif <-- Laberman /sites/laberman.com/www/images/wiring wiring_54.gif
2008.10.09 21:18 B D:\website\laberman\images\wiring\wiring_55.gif <-- Laberman /sites/laberman.com/www/images/wiring wiring_55.gif
2008.10.09 21:18 B D:\website\laberman\images\wiring\wiring_56.gif <-- Laberman /sites/laberman.com/www/images/wiring wiring_56.gif
2008.10.09 21:18 B D:\website\laberman\images\wiring\wiring_57.gif <-- Laberman /sites/laberman.com/www/images/wiring wiring_57.gif
2008.10.09 21:18 B D:\website\laberman\images\wiring\wiring_58.gif <-- Laberman /sites/laberman.com/www/images/wiring wiring_58.gif
2008.10.09 21:18 B D:\website\laberman\images\wiring\wiring_59.gif <-- Laberman /sites/laberman.com/www/images/wiring wiring_59.gif
2008.10.09 21:18 B D:\website\laberman\images\wiring\wiring_60.gif <-- Laberman /sites/laberman.com/www/images/wiring wiring_60.gif
2008.10.09 21:18 B D:\website\laberman\images\wiring\wiring_61.gif <-- Laberman /sites/laberman.com/www/images/wiring wiring_61.gif
2008.10.09 21:18 B D:\website\laberman\images\wiring\wiring_62.gif <-- Laberman /sites/laberman.com/www/images/wiring wiring_62.gif
2008.10.09 21:18 B D:\website\laberman\images\wiring\wiring_63.jpg <-- Laberman /sites/laberman.com/www/images/wiring wiring_63.jpg
2008.10.10 22:40 B D:\website\laberman\images\wiring\wiring_01.gif --> www.killarkindonesia.com /public_html/images/wiring wiring_01.gif
2008.10.10 22:40 B D:\website\laberman\images\wiring\wiring_02.gif --> www.killarkindonesia.com /public_html/images/wiring wiring_02.gif
2008.10.10 22:40 B D:\website\laberman\images\wiring\wiring_03.gif --> www.killarkindonesia.com /public_html/images/wiring wiring_03.gif
2008.10.10 22:40 B D:\website\laberman\images\wiring\wiring_04.gif --> www.killarkindonesia.com /public_html/images/wiring wiring_04.gif
2008.10.10 22:41 B D:\website\laberman\images\wiring\wiring_05.gif --> www.killarkindonesia.com /public_html/images/wiring wiring_05.gif
2008.10.10 22:41 B D:\website\laberman\images\wiring\wiring_06.gif --> www.killarkindonesia.com /public_html/images/wiring wiring_06.gif
2008.10.10 22:41 B D:\website\laberman\images\wiring\wiring_07.gif --> www.killarkindonesia.com /public_html/images/wiring wiring_07.gif
2008.10.10 22:41 B D:\website\laberman\images\wiring\wiring_08.gif --> www.killarkindonesia.com /public_html/images/wiring wiring_08.gif
2008.10.10 22:41 B D:\website\laberman\images\wiring\wiring_09.gif --> www.killarkindonesia.com /public_html/images/wiring wiring_09.gif
2008.10.10 22:41 B D:\website\laberman\images\wiring\wiring_10.gif --> www.killarkindonesia.com /public_html/images/wiring wiring_10.gif
2008.10.10 22:41 B D:\website\laberman\images\wiring\wiring_11.gif --> www.killarkindonesia.com /public_html/images/wiring wiring_11.gif
2008.10.10 22:41 B D:\website\laberman\images\wiring\wiring_12.gif --> www.killarkindonesia.com /public_html/images/wiring wiring_12.gif
2008.10.10 22:41 B D:\website\laberman\images\wiring\wiring_13.gif --> www.killarkindonesia.com /public_html/images/wiring wiring_13.gif
2008.10.10 22:41 B D:\website\laberman\images\wiring\wiring_14.gif --> www.killarkindonesia.com /public_html/images/wiring wiring_14.gif
2008.10.10 22:41 B D:\website\laberman\images\wiring\wiring_15.gif --> www.killarkindonesia.com /public_html/images/wiring wiring_15.gif
2008.10.10 22:41 B D:\website\laberman\images\wiring\wiring_16.gif --> www.killarkindonesia.com /public_html/images/wiring wiring_16.gif
2008.10.10 22:41 B D:\website\laberman\images\wiring\wiring_17.gif --> www.killarkindonesia.com /public_html/images/wiring wiring_17.gif
2008.10.10 22:42 B D:\website\laberman\images\wiring\wiring_18.gif --> www.killarkindonesia.com /public_html/images/wiring wiring_18.gif
2008.10.10 22:42 B D:\website\laberman\images\wiring\wiring_19.gif --> www.killarkindonesia.com /public_html/images/wiring wiring_19.gif
2008.10.10 22:42 B D:\website\laberman\images\wiring\wiring_20.gif --> www.killarkindonesia.com /public_html/images/wiring wiring_20.gif
2008.10.10 22:42 B D:\website\laberman\images\wiring\wiring_21.gif --> www.killarkindonesia.com /public_html/images/wiring wiring_21.gif
2008.10.10 22:42 B D:\website\laberman\images\wiring\wiring_22.gif --> www.killarkindonesia.com /public_html/images/wiring wiring_22.gif
2008.10.10 22:42 B D:\website\laberman\images\wiring\wiring_23.gif --> www.killarkindonesia.com /public_html/images/wiring wiring_23.gif
2008.10.10 22:42 B D:\website\laberman\images\wiring\wiring_24.gif --> www.killarkindonesia.com /public_html/images/wiring wiring_24.gif
2008.10.10 22:42 B D:\website\laberman\images\wiring\wiring_25.gif --> www.killarkindonesia.com /public_html/images/wiring wiring_25.gif
2008.10.10 22:42 B D:\website\laberman\images\wiring\wiring_26.gif --> www.killarkindonesia.com /public_html/images/wiring wiring_26.gif
2008.10.10 22:42 B D:\website\laberman\images\wiring\wiring_27.gif --> www.killarkindonesia.com /public_html/images/wiring wiring_27.gif
2008.10.10 22:42 B D:\website\laberman\images\wiring\wiring_28.gif --> www.killarkindonesia.com /public_html/images/wiring wiring_28.gif
2008.10.10 22:42 B D:\website\laberman\images\wiring\wiring_29.gif --> www.killarkindonesia.com /public_html/images/wiring wiring_29.gif
2008.10.10 22:42 B D:\website\laberman\images\wiring\wiring_30.gif --> www.killarkindonesia.com /public_html/images/wiring wiring_30.gif
2008.10.10 22:43 B D:\website\laberman\images\wiring\wiring_31.gif --> www.killarkindonesia.com /public_html/images/wiring wiring_31.gif
2008.10.10 22:43 B D:\website\laberman\images\wiring\wiring_32.gif --> www.killarkindonesia.com /public_html/images/wiring wiring_32.gif
2008.10.10 22:43 B D:\website\laberman\images\wiring\wiring_33.gif --> www.killarkindonesia.com /public_html/images/wiring wiring_33.gif
2008.10.10 22:43 B D:\website\laberman\images\wiring\wiring_34.gif --> www.killarkindonesia.com /public_html/images/wiring wiring_34.gif
2008.10.10 22:43 B D:\website\laberman\images\wiring\wiring_35.gif --> www.killarkindonesia.com /public_html/images/wiring wiring_35.gif
2008.10.10 22:43 B D:\website\laberman\images\wiring\wiring_36.gif --> www.killarkindonesia.com /public_html/images/wiring wiring_36.gif
2008.10.10 22:43 B D:\website\laberman\images\wiring\wiring_37.gif --> www.killarkindonesia.com /public_html/images/wiring wiring_37.gif
2008.10.10 22:43 B D:\website\laberman\images\wiring\wiring_38.gif --> www.killarkindonesia.com /public_html/images/wiring wiring_38.gif
2008.10.10 22:43 B D:\website\laberman\images\wiring\wiring_39.gif --> www.killarkindonesia.com /public_html/images/wiring wiring_39.gif
2008.10.10 22:43 B D:\website\laberman\images\wiring\wiring_40.gif --> www.killarkindonesia.com /public_html/images/wiring wiring_40.gif
2008.10.10 22:43 B D:\website\laberman\images\wiring\wiring_41.gif --> www.killarkindonesia.com /public_html/images/wiring wiring_41.gif
2008.10.10 22:43 B D:\website\laberman\images\wiring\wiring_42.gif --> www.killarkindonesia.com /public_html/images/wiring wiring_42.gif
2008.10.10 22:43 B D:\website\laberman\images\wiring\wiring_43.gif --> www.killarkindonesia.com /public_html/images/wiring wiring_43.gif
2008.10.10 22:43 B D:\website\laberman\images\wiring\wiring_44.gif --> www.killarkindonesia.com /public_html/images/wiring wiring_44.gif
2008.10.10 22:44 B D:\website\laberman\images\wiring\wiring_45.gif --> www.killarkindonesia.com /public_html/images/wiring wiring_45.gif
2008.10.10 22:44 B D:\website\laberman\images\wiring\wiring_46.gif --> www.killarkindonesia.com /public_html/images/wiring wiring_46.gif
2008.10.10 22:44 B D:\website\laberman\images\wiring\wiring_47.gif --> www.killarkindonesia.com /public_html/images/wiring wiring_47.gif
2008.10.10 22:44 B D:\website\laberman\images\wiring\wiring_48.gif --> www.killarkindonesia.com /public_html/images/wiring wiring_48.gif
2008.10.10 22:44 B D:\website\laberman\images\wiring\wiring_49.gif --> www.killarkindonesia.com /public_html/images/wiring wiring_49.gif
2008.10.10 22:44 B D:\website\laberman\images\wiring\wiring_50.gif --> www.killarkindonesia.com /public_html/images/wiring wiring_50.gif
2008.10.10 22:44 B D:\website\laberman\images\wiring\wiring_51.gif --> www.killarkindonesia.com /public_html/images/wiring wiring_51.gif
2008.10.10 22:44 B D:\website\laberman\images\wiring\wiring_52.gif --> www.killarkindonesia.com /public_html/images/wiring wiring_52.gif
2008.10.10 22:44 B D:\website\laberman\images\wiring\wiring_53.gif --> www.killarkindonesia.com /public_html/images/wiring wiring_53.gif
2008.10.10 22:44 B D:\website\laberman\images\wiring\wiring_54.gif --> www.killarkindonesia.com /public_html/images/wiring wiring_54.gif
2008.10.10 22:44 B D:\website\laberman\images\wiring\wiring_55.gif --> www.killarkindonesia.com /public_html/images/wiring wiring_55.gif
2008.10.10 22:44 B D:\website\laberman\images\wiring\wiring_56.gif --> www.killarkindonesia.com /public_html/images/wiring wiring_56.gif
2008.10.10 22:44 B D:\website\laberman\images\wiring\wiring_57.gif --> www.killarkindonesia.com /public_html/images/wiring wiring_57.gif
2008.10.10 22:44 B D:\website\laberman\images\wiring\wiring_58.gif --> www.killarkindonesia.com /public_html/images/wiring wiring_58.gif
2008.10.10 22:44 B D:\website\laberman\images\wiring\wiring_59.gif --> www.killarkindonesia.com /public_html/images/wiring wiring_59.gif
2008.10.10 22:45 B D:\website\laberman\images\wiring\wiring_60.gif --> www.killarkindonesia.com /public_html/images/wiring wiring_60.gif
2008.10.10 22:45 B D:\website\laberman\images\wiring\wiring_61.gif --> www.killarkindonesia.com /public_html/images/wiring wiring_61.gif
2008.10.10 22:45 B D:\website\laberman\images\wiring\wiring_62.gif --> www.killarkindonesia.com /public_html/images/wiring wiring_62.gif
2008.10.10 22:45 B D:\website\laberman\images\wiring\wiring_63.jpg --> www.killarkindonesia.com /public_html/images/wiring wiring_63.jpg
2008.10.10 22:45 B D:\website\laberman\images\wiring\WS_FTP.LOG --> www.killarkindonesia.com /public_html/images/wiring WS_FTP.LOG
2008.10.10 22:46 B D:\website\laberman\images\wiring\Thumbs.db --> www.killarkindonesia.com /public_html/images/wiring Thumbs.db
2008.10.10 23:55 B D:\website\laberman\images\wiring\wiring_01.gif --> www.lightingexplosionproof.com /public_html/images/wiring wiring_01.gif
2008.10.10 23:55 B D:\website\laberman\images\wiring\wiring_02.gif --> www.lightingexplosionproof.com /public_html/images/wiring wiring_02.gif
2008.10.10 23:55 B D:\website\laberman\images\wiring\wiring_03.gif --> www.lightingexplosionproof.com /public_html/images/wiring wiring_03.gif
2008.10.10 23:55 B D:\website\laberman\images\wiring\wiring_04.gif --> www.lightingexplosionproof.com /public_html/images/wiring wiring_04.gif
2008.10.10 23:55 B D:\website\laberman\images\wiring\wiring_05.gif --> www.lightingexplosionproof.com /public_html/images/wiring wiring_05.gif
2008.10.10 23:55 B D:\website\laberman\images\wiring\wiring_06.gif --> www.lightingexplosionproof.com /public_html/images/wiring wiring_06.gif
2008.10.10 23:55 B D:\website\laberman\images\wiring\wiring_07.gif --> www.lightingexplosionproof.com /public_html/images/wiring wiring_07.gif
2008.10.10 23:55 B D:\website\laberman\images\wiring\wiring_08.gif --> www.lightingexplosionproof.com /public_html/images/wiring wiring_08.gif
2008.10.10 23:55 B D:\website\laberman\images\wiring\wiring_09.gif --> www.lightingexplosionproof.com /public_html/images/wiring wiring_09.gif
2008.10.10 23:55 B D:\website\laberman\images\wiring\wiring_10.gif --> www.lightingexplosionproof.com /public_html/images/wiring wiring_10.gif
2008.10.10 23:55 B D:\website\laberman\images\wiring\wiring_11.gif --> www.lightingexplosionproof.com /public_html/images/wiring wiring_11.gif
2008.10.10 23:56 B D:\website\laberman\images\wiring\wiring_12.gif --> www.lightingexplosionproof.com /public_html/images/wiring wiring_12.gif
2008.10.10 23:56 B D:\website\laberman\images\wiring\wiring_13.gif --> www.lightingexplosionproof.com /public_html/images/wiring wiring_13.gif
2008.10.10 23:56 B D:\website\laberman\images\wiring\wiring_14.gif --> www.lightingexplosionproof.com /public_html/images/wiring wiring_14.gif
2008.10.10 23:56 B D:\website\laberman\images\wiring\wiring_15.gif --> www.lightingexplosionproof.com /public_html/images/wiring wiring_15.gif
2008.10.10 23:56 B D:\website\laberman\images\wiring\wiring_16.gif --> www.lightingexplosionproof.com /public_html/images/wiring wiring_16.gif
2008.10.10 23:56 B D:\website\laberman\images\wiring\wiring_17.gif --> www.lightingexplosionproof.com /public_html/images/wiring wiring_17.gif
2008.10.10 23:56 B D:\website\laberman\images\wiring\wiring_18.gif --> www.lightingexplosionproof.com /public_html/images/wiring wiring_18.gif
2008.10.10 23:56 B D:\website\laberman\images\wiring\wiring_19.gif --> www.lightingexplosionproof.com /public_html/images/wiring wiring_19.gif
2008.10.10 23:56 B D:\website\laberman\images\wiring\wiring_20.gif --> www.lightingexplosionproof.com /public_html/images/wiring wiring_20.gif
2008.10.10 23:56 B D:\website\laberman\images\wiring\wiring_21.gif --> www.lightingexplosionproof.com /public_html/images/wiring wiring_21.gif
2008.10.10 23:56 B D:\website\laberman\images\wiring\wiring_22.gif --> www.lightingexplosionproof.com /public_html/images/wiring wiring_22.gif
2008.10.10 23:56 B D:\website\laberman\images\wiring\wiring_23.gif --> www.lightingexplosionproof.com /public_html/images/wiring wiring_23.gif
2008.10.10 23:56 B D:\website\laberman\images\wiring\wiring_24.gif --> www.lightingexplosionproof.com /public_html/images/wiring wiring_24.gif
2008.10.10 23:56 B D:\website\laberman\images\wiring\wiring_25.gif --> www.lightingexplosionproof.com /public_html/images/wiring wiring_25.gif
2008.10.10 23:57 B D:\website\laberman\images\wiring\wiring_26.gif --> www.lightingexplosionproof.com /public_html/images/wiring wiring_26.gif
2008.10.10 23:57 B D:\website\laberman\images\wiring\wiring_27.gif --> www.lightingexplosionproof.com /public_html/images/wiring wiring_27.gif
2008.10.10 23:57 B D:\website\laberman\images\wiring\wiring_28.gif --> www.lightingexplosionproof.com /public_html/images/wiring wiring_28.gif
2008.10.10 23:57 B D:\website\laberman\images\wiring\wiring_29.gif --> www.lightingexplosionproof.com /public_html/images/wiring wiring_29.gif
2008.10.10 23:57 B D:\website\laberman\images\wiring\wiring_30.gif --> www.lightingexplosionproof.com /public_html/images/wiring wiring_30.gif
2008.10.10 23:57 B D:\website\laberman\images\wiring\wiring_31.gif --> www.lightingexplosionproof.com /public_html/images/wiring wiring_31.gif
2008.10.10 23:57 B D:\website\laberman\images\wiring\wiring_32.gif --> www.lightingexplosionproof.com /public_html/images/wiring wiring_32.gif
2008.10.10 23:57 B D:\website\laberman\images\wiring\wiring_33.gif --> www.lightingexplosionproof.com /public_html/images/wiring wiring_33.gif
2008.10.10 23:57 B D:\website\laberman\images\wiring\wiring_34.gif --> www.lightingexplosionproof.com /public_html/images/wiring wiring_34.gif
2008.10.10 23:57 B D:\website\laberman\images\wiring\wiring_35.gif --> www.lightingexplosionproof.com /public_html/images/wiring wiring_35.gif
2008.10.10 23:57 B D:\website\laberman\images\wiring\wiring_36.gif --> www.lightingexplosionproof.com /public_html/images/wiring wiring_36.gif
2008.10.10 23:57 B D:\website\laberman\images\wiring\wiring_37.gif --> www.lightingexplosionproof.com /public_html/images/wiring wiring_37.gif
2008.10.10 23:57 B D:\website\laberman\images\wiring\wiring_38.gif --> www.lightingexplosionproof.com /public_html/images/wiring wiring_38.gif
2008.10.10 23:57 B D:\website\laberman\images\wiring\wiring_39.gif --> www.lightingexplosionproof.com /public_html/images/wiring wiring_39.gif
2008.10.10 23:58 B D:\website\laberman\images\wiring\wiring_40.gif --> www.lightingexplosionproof.com /public_html/images/wiring wiring_40.gif
2008.10.10 23:58 B D:\website\laberman\images\wiring\wiring_41.gif --> www.lightingexplosionproof.com /public_html/images/wiring wiring_41.gif
2008.10.10 23:58 B D:\website\laberman\images\wiring\wiring_42.gif --> www.lightingexplosionproof.com /public_html/images/wiring wiring_42.gif
2008.10.10 23:58 B D:\website\laberman\images\wiring\wiring_43.gif --> www.lightingexplosionproof.com /public_html/images/wiring wiring_43.gif
2008.10.10 23:58 B D:\website\laberman\images\wiring\wiring_44.gif --> www.lightingexplosionproof.com /public_html/images/wiring wiring_44.gif
2008.10.10 23:58 B D:\website\laberman\images\wiring\wiring_45.gif --> www.lightingexplosionproof.com /public_html/images/wiring wiring_45.gif
2008.10.10 23:58 B D:\website\laberman\images\wiring\wiring_46.gif --> www.lightingexplosionproof.com /public_html/images/wiring wiring_46.gif
2008.10.10 23:58 B D:\website\laberman\images\wiring\wiring_47.gif --> www.lightingexplosionproof.com /public_html/images/wiring wiring_47.gif
2008.10.10 23:58 B D:\website\laberman\images\wiring\wiring_48.gif --> www.lightingexplosionproof.com /public_html/images/wiring wiring_48.gif
2008.10.10 23:58 B D:\website\laberman\images\wiring\wiring_49.gif --> www.lightingexplosionproof.com /public_html/images/wiring wiring_49.gif
2008.10.10 23:59 B D:\website\laberman\images\wiring\wiring_50.gif --> www.lightingexplosionproof.com /public_html/images/wiring wiring_50.gif
2008.10.10 23:59 B D:\website\laberman\images\wiring\wiring_51.gif --> www.lightingexplosionproof.com /public_html/images/wiring wiring_51.gif
2008.10.10 23:59 B D:\website\laberman\images\wiring\wiring_52.gif --> www.lightingexplosionproof.com /public_html/images/wiring wiring_52.gif
2008.10.10 23:59 B D:\website\laberman\images\wiring\wiring_53.gif --> www.lightingexplosionproof.com /public_html/images/wiring wiring_53.gif
2008.10.10 23:59 B D:\website\laberman\images\wiring\wiring_54.gif --> www.lightingexplosionproof.com /public_html/images/wiring wiring_54.gif
2008.10.10 23:59 B D:\website\laberman\images\wiring\wiring_55.gif --> www.lightingexplosionproof.com /public_html/images/wiring wiring_55.gif
2008.10.10 23:59 B D:\website\laberman\images\wiring\wiring_56.gif --> www.lightingexplosionproof.com /public_html/images/wiring wiring_56.gif
2008.10.10 23:59 B D:\website\laberman\images\wiring\wiring_57.gif --> www.lightingexplosionproof.com /public_html/images/wiring wiring_57.gif
2008.10.10 23:59 B D:\website\laberman\images\wiring\wiring_58.gif --> www.lightingexplosionproof.com /public_html/images/wiring wiring_58.gif
2008.10.10 23:59 B D:\website\laberman\images\wiring\wiring_59.gif --> www.lightingexplosionproof.com /public_html/images/wiring wiring_59.gif
2008.10.10 23:59 B D:\website\laberman\images\wiring\wiring_60.gif --> www.lightingexplosionproof.com /public_html/images/wiring wiring_60.gif
2008.10.10 23:59 B D:\website\laberman\images\wiring\wiring_61.gif --> www.lightingexplosionproof.com /public_html/images/wiring wiring_61.gif
2008.10.10 23:59 B D:\website\laberman\images\wiring\wiring_62.gif --> www.lightingexplosionproof.com /public_html/images/wiring wiring_62.gif
2008.10.10 23:59 B D:\website\laberman\images\wiring\wiring_63.jpg --> www.lightingexplosionproof.com /public_html/images/wiring wiring_63.jpg
2008.10.11 00:00 B D:\website\laberman\images\wiring\Thumbs.db --> www.lightingexplosionproof.com /public_html/images/wiring Thumbs.db
2008.10.11 00:01 B D:\website\laberman\images\wiring\WS_FTP.LOG --> www.lightingexplosionproof.com /public_html/images/wiring WS_FTP.LOG
2008.10.11 23:03 B D:\website\laberman\images\wiring\wiring_01.gif --> www.chalmitindonesia.com /public_html/images/wiring wiring_01.gif
2008.10.11 23:03 B D:\website\laberman\images\wiring\wiring_02.gif --> www.chalmitindonesia.com /public_html/images/wiring wiring_02.gif
2008.10.11 23:03 B D:\website\laberman\images\wiring\wiring_03.gif --> www.chalmitindonesia.com /public_html/images/wiring wiring_03.gif
2008.10.11 23:03 B D:\website\laberman\images\wiring\wiring_04.gif --> www.chalmitindonesia.com /public_html/images/wiring wiring_04.gif
2008.10.11 23:03 B D:\website\laberman\images\wiring\wiring_05.gif --> www.chalmitindonesia.com /public_html/images/wiring wiring_05.gif
2008.10.11 23:03 B D:\website\laberman\images\wiring\wiring_06.gif --> www.chalmitindonesia.com /public_html/images/wiring wiring_06.gif
2008.10.11 23:04 B D:\website\laberman\images\wiring\wiring_07.gif --> www.chalmitindonesia.com /public_html/images/wiring wiring_07.gif
2008.10.11 23:04 B D:\website\laberman\images\wiring\wiring_08.gif --> www.chalmitindonesia.com /public_html/images/wiring wiring_08.gif
2008.10.11 23:04 B D:\website\laberman\images\wiring\wiring_09.gif --> www.chalmitindonesia.com /public_html/images/wiring wiring_09.gif
2008.10.11 23:04 B D:\website\laberman\images\wiring\wiring_10.gif --> www.chalmitindonesia.com /public_html/images/wiring wiring_10.gif
2008.10.11 23:04 B D:\website\laberman\images\wiring\wiring_11.gif --> www.chalmitindonesia.com /public_html/images/wiring wiring_11.gif
2008.10.11 23:04 B D:\website\laberman\images\wiring\wiring_12.gif --> www.chalmitindonesia.com /public_html/images/wiring wiring_12.gif
2008.10.11 23:04 B D:\website\laberman\images\wiring\wiring_13.gif --> www.chalmitindonesia.com /public_html/images/wiring wiring_13.gif
2008.10.11 23:04 B D:\website\laberman\images\wiring\wiring_14.gif --> www.chalmitindonesia.com /public_html/images/wiring wiring_14.gif
2008.10.11 23:04 B D:\website\laberman\images\wiring\wiring_15.gif --> www.chalmitindonesia.com /public_html/images/wiring wiring_15.gif
2008.10.11 23:05 B D:\website\laberman\images\wiring\wiring_16.gif --> www.chalmitindonesia.com /public_html/images/wiring wiring_16.gif
2008.10.11 23:05 B D:\website\laberman\images\wiring\wiring_17.gif --> www.chalmitindonesia.com /public_html/images/wiring wiring_17.gif
2008.10.11 23:05 B D:\website\laberman\images\wiring\wiring_18.gif --> www.chalmitindonesia.com /public_html/images/wiring wiring_18.gif
2008.10.11 23:05 B D:\website\laberman\images\wiring\wiring_19.gif --> www.chalmitindonesia.com /public_html/images/wiring wiring_19.gif
2008.10.11 23:05 B D:\website\laberman\images\wiring\wiring_20.gif --> www.chalmitindonesia.com /public_html/images/wiring wiring_20.gif
2008.10.11 23:05 B D:\website\laberman\images\wiring\wiring_21.gif --> www.chalmitindonesia.com /public_html/images/wiring wiring_21.gif
2008.10.11 23:05 B D:\website\laberman\images\wiring\wiring_22.gif --> www.chalmitindonesia.com /public_html/images/wiring wiring_22.gif
2008.10.11 23:05 B D:\website\laberman\images\wiring\wiring_23.gif --> www.chalmitindonesia.com /public_html/images/wiring wiring_23.gif
2008.10.11 23:05 B D:\website\laberman\images\wiring\wiring_24.gif --> www.chalmitindonesia.com /public_html/images/wiring wiring_24.gif
2008.10.11 23:05 B D:\website\laberman\images\wiring\wiring_25.gif --> www.chalmitindonesia.com /public_html/images/wiring wiring_25.gif
2008.10.11 23:05 B D:\website\laberman\images\wiring\wiring_26.gif --> www.chalmitindonesia.com /public_html/images/wiring wiring_26.gif
2008.10.11 23:05 B D:\website\laberman\images\wiring\wiring_27.gif --> www.chalmitindonesia.com /public_html/images/wiring wiring_27.gif
2008.10.11 23:05 B D:\website\laberman\images\wiring\wiring_28.gif --> www.chalmitindonesia.com /public_html/images/wiring wiring_28.gif
2008.10.11 23:06 B D:\website\laberman\images\wiring\wiring_29.gif --> www.chalmitindonesia.com /public_html/images/wiring wiring_29.gif
2008.10.11 23:06 B D:\website\laberman\images\wiring\wiring_30.gif --> www.chalmitindonesia.com /public_html/images/wiring wiring_30.gif
2008.10.11 23:06 B D:\website\laberman\images\wiring\wiring_31.gif --> www.chalmitindonesia.com /public_html/images/wiring wiring_31.gif
2008.10.11 23:06 B D:\website\laberman\images\wiring\wiring_32.gif --> www.chalmitindonesia.com /public_html/images/wiring wiring_32.gif
2008.10.11 23:06 B D:\website\laberman\images\wiring\wiring_33.gif --> www.chalmitindonesia.com /public_html/images/wiring wiring_33.gif
2008.10.11 23:06 B D:\website\laberman\images\wiring\wiring_34.gif --> www.chalmitindonesia.com /public_html/images/wiring wiring_34.gif
2008.10.11 23:06 B D:\website\laberman\images\wiring\wiring_35.gif --> www.chalmitindonesia.com /public_html/images/wiring wiring_35.gif
2008.10.11 23:06 B D:\website\laberman\images\wiring\wiring_36.gif --> www.chalmitindonesia.com /public_html/images/wiring wiring_36.gif
2008.10.11 23:06 B D:\website\laberman\images\wiring\wiring_37.gif --> www.chalmitindonesia.com /public_html/images/wiring wiring_37.gif
2008.10.11 23:06 B D:\website\laberman\images\wiring\wiring_38.gif --> www.chalmitindonesia.com /public_html/images/wiring wiring_38.gif
2008.10.11 23:06 B D:\website\laberman\images\wiring\wiring_39.gif --> www.chalmitindonesia.com /public_html/images/wiring wiring_39.gif
2008.10.11 23:06 B D:\website\laberman\images\wiring\wiring_40.gif --> www.chalmitindonesia.com /public_html/images/wiring wiring_40.gif
2008.10.11 23:06 B D:\website\laberman\images\wiring\wiring_41.gif --> www.chalmitindonesia.com /public_html/images/wiring wiring_41.gif
2008.10.11 23:06 B D:\website\laberman\images\wiring\wiring_42.gif --> www.chalmitindonesia.com /public_html/images/wiring wiring_42.gif
2008.10.11 23:07 B D:\website\laberman\images\wiring\wiring_43.gif --> www.chalmitindonesia.com /public_html/images/wiring wiring_43.gif
2008.10.11 23:07 B D:\website\laberman\images\wiring\wiring_44.gif --> www.chalmitindonesia.com /public_html/images/wiring wiring_44.gif
2008.10.11 23:07 B D:\website\laberman\images\wiring\wiring_45.gif --> www.chalmitindonesia.com /public_html/images/wiring wiring_45.gif
2008.10.11 23:07 B D:\website\laberman\images\wiring\wiring_46.gif --> www.chalmitindonesia.com /public_html/images/wiring wiring_46.gif
2008.10.11 23:07 B D:\website\laberman\images\wiring\wiring_47.gif --> www.chalmitindonesia.com /public_html/images/wiring wiring_47.gif
2008.10.11 23:07 B D:\website\laberman\images\wiring\wiring_48.gif --> www.chalmitindonesia.com /public_html/images/wiring wiring_48.gif
2008.10.11 23:07 B D:\website\laberman\images\wiring\wiring_49.gif --> www.chalmitindonesia.com /public_html/images/wiring wiring_49.gif
2008.10.11 23:07 B D:\website\laberman\images\wiring\wiring_50.gif --> www.chalmitindonesia.com /public_html/images/wiring wiring_50.gif
2008.10.11 23:07 B D:\website\laberman\images\wiring\wiring_51.gif --> www.chalmitindonesia.com /public_html/images/wiring wiring_51.gif
2008.10.11 23:08 B D:\website\laberman\images\wiring\wiring_52.gif --> www.chalmitindonesia.com /public_html/images/wiring wiring_52.gif
2008.10.11 23:08 B D:\website\laberman\images\wiring\wiring_53.gif --> www.chalmitindonesia.com /public_html/images/wiring wiring_53.gif
2008.10.11 23:08 B D:\website\laberman\images\wiring\wiring_54.gif --> www.chalmitindonesia.com /public_html/images/wiring wiring_54.gif
2008.10.11 23:08 B D:\website\laberman\images\wiring\wiring_55.gif --> www.chalmitindonesia.com /public_html/images/wiring wiring_55.gif
2008.10.11 23:08 B D:\website\laberman\images\wiring\wiring_56.gif --> www.chalmitindonesia.com /public_html/images/wiring wiring_56.gif
2008.10.11 23:08 B D:\website\laberman\images\wiring\wiring_57.gif --> www.chalmitindonesia.com /public_html/images/wiring wiring_57.gif
2008.10.11 23:08 B D:\website\laberman\images\wiring\wiring_58.gif --> www.chalmitindonesia.com /public_html/images/wiring wiring_58.gif
2008.10.11 23:08 B D:\website\laberman\images\wiring\wiring_59.gif --> www.chalmitindonesia.com /public_html/images/wiring wiring_59.gif
2008.10.11 23:08 B D:\website\laberman\images\wiring\wiring_60.gif --> www.chalmitindonesia.com /public_html/images/wiring wiring_60.gif
2008.10.11 23:08 B D:\website\laberman\images\wiring\wiring_61.gif --> www.chalmitindonesia.com /public_html/images/wiring wiring_61.gif
2008.10.11 23:08 B D:\website\laberman\images\wiring\wiring_62.gif --> www.chalmitindonesia.com /public_html/images/wiring wiring_62.gif
2008.10.11 23:08 B D:\website\laberman\images\wiring\wiring_63.jpg --> www.chalmitindonesia.com /public_html/images/wiring wiring_63.jpg
2008.10.11 23:09 B D:\website\laberman\images\wiring\Thumbs.db --> www.chalmitindonesia.com /public_html/images/wiring Thumbs.db
